#
# There is insufficient memory for the Java Runtime Environment to continue.
# Native memory allocation (malloc) failed to allocate 119856 bytes for Chunk::new
# Possible reasons:
#   The system is out of physical RAM or swap space
#   The process is running with CompressedOops enabled, and the Java Heap may be blocking the growth of the native heap
# Possible solutions:
#   Reduce memory load on the system
#   Increase physical memory or swap space
#   Check if swap backing store is full
#   Decrease Java heap size (-Xmx/-Xms)
#   Decrease number of Java threads
#   Decrease Java thread stack sizes (-Xss)
#   Set larger code cache with -XX:ReservedCodeCacheSize=
#   JVM is running with Unscaled Compressed Oops mode in which the Java heap is
#     placed in the first 4GB address space. The Java Heap base address is the
#     maximum limit for the native heap growth. Please use -XX:HeapBaseMinAddress
#     to set the Java Heap base and to place the Java Heap above 4GB virtual address.
# This output file may be truncated or incomplete.
#
#  Out of Memory Error (arena.cpp:184), pid=23316, tid=25680
#
# JRE version: Java(TM) SE Runtime Environment (19.0.2+7) (build 19.0.2+7-44)
# Java VM: Java HotSpot(TM) 64-Bit Server VM (19.0.2+7-44, mixed mode, sharing, tiered, compressed oops, compressed class ptrs, g1 gc, windows-amd64)
# No core dump will be written. Minidumps are not enabled by default on client versions of Windows
#

---------------  S U M M A R Y ------------

Command Line: -Xmx64m -Xms64m -Dorg.gradle.appname=gradlew org.gradle.wrapper.GradleWrapperMain app:installDebug -PreactNativeDevServerPort=8081

Host: 12th Gen Intel(R) Core(TM) i5-12500H, 16 cores, 11G,  Windows 11 , 64 bit Build 22621 (10.0.22621.4391)
Time: Sat Nov 23 15:34:54 2024 SE Asia Standard Time elapsed time: 1.181745 seconds (0d 0h 0m 1s)

---------------  T H R E A D  ---------------

Current thread (0x000001d6be84df70):  JavaThread "C2 CompilerThread0" daemon [_thread_in_native, id=25680, stack(0x0000003a97400000,0x0000003a97500000)]


Current CompileTask:
C2:   1181 1634 %     4       java.io.BufferedReader::implReadLine @ 125 (302 bytes)

Stack: [0x0000003a97400000,0x0000003a97500000]
Native frames: (J=compiled Java code, j=interpreted, Vv=VM code, C=native code)
V  [jvm.dll+0x6ee21a]
V  [jvm.dll+0x85765e]
V  [jvm.dll+0x85904e]
V  [jvm.dll+0x859703]
V  [jvm.dll+0x28298f]
V  [jvm.dll+0xc9adf]
V  [jvm.dll+0xc9e65]
V  [jvm.dll+0x2f7caf]
V  [jvm.dll+0x5f076b]
V  [jvm.dll+0x255483]
V  [jvm.dll+0x24da11]
V  [jvm.dll+0x24b673]
V  [jvm.dll+0x1d6ce1]
V  [jvm.dll+0x25b25a]
V  [jvm.dll+0x2596e8]
V  [jvm.dll+0x807588]
V  [jvm.dll+0x80125a]
V  [jvm.dll+0x6ecf0b]
C  [ucrtbase.dll+0x29333]
C  [KERNEL32.DLL+0x1259d]
C  [ntdll.dll+0x5af38]


---------------  P R O C E S S  ---------------

Threads class SMR info:
_java_thread_list=0x000001d6c3c00270, length=16, elements={
0x000001d6a3f37620, 0x000001d6be8446d0, 0x000001d6be8454c0, 0x000001d6be849010,
0x000001d6be84bd50, 0x000001d6be84c680, 0x000001d6be84cfb0, 0x000001d6be84df70,
0x000001d6be853640, 0x000001d6be85cd00, 0x000001d6c2c19790, 0x000001d6c2c1be80,
0x000001d6c2d10e80, 0x000001d6c2d15860, 0x000001d6c2c1a2b0, 0x000001d6c2c19d20
}

Java Threads: ( => current thread )
  0x000001d6a3f37620 JavaThread "main" [_thread_blocked, id=3344, stack(0x0000003a96700000,0x0000003a96800000)]
  0x000001d6be8446d0 JavaThread "Reference Handler" daemon [_thread_blocked, id=14904, stack(0x0000003a96e00000,0x0000003a96f00000)]
  0x000001d6be8454c0 JavaThread "Finalizer" daemon [_thread_blocked, id=18112, stack(0x0000003a96f00000,0x0000003a97000000)]
  0x000001d6be849010 JavaThread "Signal Dispatcher" daemon [_thread_blocked, id=28912, stack(0x0000003a97000000,0x0000003a97100000)]
  0x000001d6be84bd50 JavaThread "Attach Listener" daemon [_thread_blocked, id=13004, stack(0x0000003a97100000,0x0000003a97200000)]
  0x000001d6be84c680 JavaThread "Service Thread" daemon [_thread_blocked, id=4500, stack(0x0000003a97200000,0x0000003a97300000)]
  0x000001d6be84cfb0 JavaThread "Monitor Deflation Thread" daemon [_thread_blocked, id=23984, stack(0x0000003a97300000,0x0000003a97400000)]
=>0x000001d6be84df70 JavaThread "C2 CompilerThread0" daemon [_thread_in_native, id=25680, stack(0x0000003a97400000,0x0000003a97500000)]
  0x000001d6be853640 JavaThread "C1 CompilerThread0" daemon [_thread_blocked, id=21056, stack(0x0000003a97500000,0x0000003a97600000)]
  0x000001d6be85cd00 JavaThread "Sweeper thread" daemon [_thread_blocked, id=19816, stack(0x0000003a97600000,0x0000003a97700000)]
  0x000001d6c2c19790 JavaThread "C1 CompilerThread1" daemon [_thread_blocked, id=23160, stack(0x0000003a97700000,0x0000003a97800000)]
  0x000001d6c2c1be80 JavaThread "C1 CompilerThread2" daemon [_thread_blocked, id=25236, stack(0x0000003a97800000,0x0000003a97900000)]
  0x000001d6c2d10e80 JavaThread "Notification Thread" daemon [_thread_blocked, id=23072, stack(0x0000003a97900000,0x0000003a97a00000)]
  0x000001d6c2d15860 JavaThread "Common-Cleaner" daemon [_thread_blocked, id=18212, stack(0x0000003a97b00000,0x0000003a97c00000)]
  0x000001d6c2c1a2b0 JavaThread "C1 CompilerThread3" daemon [_thread_blocked, id=25344, stack(0x0000003a98000000,0x0000003a98100000)]
  0x000001d6c2c19d20 JavaThread "C2 CompilerThread1" daemon [_thread_blocked, id=23940, stack(0x0000003a97c00000,0x0000003a97d00000)]

Other Threads:
  0x000001d6be82f380 VMThread "VM Thread" [stack: 0x0000003a96d00000,0x0000003a96e00000] [id=28900]
  0x000001d6c2d13be0 WatcherThread "VM Periodic Task Thread" [stack: 0x0000003a97a00000,0x0000003a97b00000] [id=4700]
  0x000001d6a3f5c950 WorkerThread "GC Thread#0" [stack: 0x0000003a96800000,0x0000003a96900000] [id=17668]
  0x000001d6c2f803e0 WorkerThread "GC Thread#1" [stack: 0x0000003a97d00000,0x0000003a97e00000] [id=24572]
  0x000001d6c2f7f8a0 WorkerThread "GC Thread#2" [stack: 0x0000003a97e00000,0x0000003a97f00000] [id=30520]
  0x000001d6c2f7e7c0 WorkerThread "GC Thread#3" [stack: 0x0000003a97f00000,0x0000003a98000000] [id=23756]
  0x000001d6c2f7ed60 WorkerThread "GC Thread#4" [stack: 0x0000003a98200000,0x0000003a98300000] [id=29868]
  0x000001d6c2f7f030 WorkerThread "GC Thread#5" [stack: 0x0000003a98300000,0x0000003a98400000] [id=11396]
  0x000001d6c2f7f5d0 WorkerThread "GC Thread#6" [stack: 0x0000003a98400000,0x0000003a98500000] [id=20232]
  0x000001d6a3f5dfd0 ConcurrentGCThread "G1 Main Marker" [stack: 0x0000003a96900000,0x0000003a96a00000] [id=29328]
  0x000001d6a3f5eab0 WorkerThread "G1 Conc#0" [stack: 0x0000003a96a00000,0x0000003a96b00000] [id=3564]
  0x000001d6a3fd9590 ConcurrentGCThread "G1 Refine#0" [stack: 0x0000003a96b00000,0x0000003a96c00000] [id=1216]
  0x000001d6a3fd9fe0 ConcurrentGCThread "G1 Service" [stack: 0x0000003a96c00000,0x0000003a96d00000] [id=28892]

Threads with active compile tasks:
C2 CompilerThread0     1196 1634 %     4       java.io.BufferedReader::implReadLine @ 125 (302 bytes)

VM state: not at safepoint (normal execution)

VM Mutex/Monitor currently owned by a thread: None

Heap address: 0x00000000fc000000, size: 64 MB, Compressed Oops mode: 32-bit

CDS archive(s) mapped at: [0x0000000800000000-0x0000000800c40000-0x0000000800c40000), size 12845056, SharedBaseAddress: 0x0000000800000000, ArchiveRelocationMode: 0.
Compressed class space mapped at: 0x0000000801000000-0x0000000841000000, reserved size: 1073741824
Narrow klass base: 0x0000000800000000, Narrow klass shift: 0, Narrow klass range: 0x100000000

GC Precious Log:
 CardTable entry size: 512
 Card Set container configuration: InlinePtr #cards 5 size 8 Array Of Cards #cards 12 size 40 Howl #buckets 4 coarsen threshold 1843 Howl Bitmap #cards 512 size 80 coarsen threshold 460 Card regions per heap region 1 cards per card region 2048
 CPUs: 16 total, 16 available
 Memory: 12013M
 Large Page Support: Disabled
 NUMA Support: Disabled
 Compressed Oops: Enabled (32-bit)
 Heap Region Size: 1M
 Heap Min Capacity: 64M
 Heap Initial Capacity: 64M
 Heap Max Capacity: 64M
 Pre-touch: Disabled
 Parallel Workers: 13
 Concurrent Workers: 3
 Concurrent Refinement Workers: 13
 Periodic GC: Disabled

Heap:
 garbage-first heap   total 65536K, used 16452K [0x00000000fc000000, 0x0000000100000000)
  region size 1024K, 8 young (8192K), 3 survivors (3072K)
 Metaspace       used 9648K, committed 9984K, reserved 1114112K
  class space    used 1264K, committed 1472K, reserved 1048576K

Heap Regions: E=young(eden), S=young(survivor), O=old, HS=humongous(starts), HC=humongous(continues), CS=collection set, F=free, OA=open archive, CA=closed archive, TAMS=top-at-mark-start (previous, next)
|   0|0x00000000fc000000, 0x00000000fc100000, 0x00000000fc100000|100%|HS|  |TAMS 0x00000000fc000000, 0x00000000fc000000| Complete 
|   1|0x00000000fc100000, 0x00000000fc200000, 0x00000000fc200000|100%|HC|  |TAMS 0x00000000fc100000, 0x00000000fc100000| Complete 
|   2|0x00000000fc200000, 0x00000000fc300000, 0x00000000fc300000|100%|HC|  |TAMS 0x00000000fc200000, 0x00000000fc200000| Complete 
|   3|0x00000000fc300000, 0x00000000fc400000, 0x00000000fc400000|100%|HC|  |TAMS 0x00000000fc300000, 0x00000000fc300000| Complete 
|   4|0x00000000fc400000, 0x00000000fc500000, 0x00000000fc500000|100%| O|  |TAMS 0x00000000fc400000, 0x00000000fc400000| Untracked 
|   5|0x00000000fc500000, 0x00000000fc600000, 0x00000000fc600000|100%| O|  |TAMS 0x00000000fc500000, 0x00000000fc500000| Untracked 
|   6|0x00000000fc600000, 0x00000000fc700000, 0x00000000fc700000|100%| O|  |TAMS 0x00000000fc600000, 0x00000000fc600000| Untracked 
|   7|0x00000000fc700000, 0x00000000fc800000, 0x00000000fc800000|100%| O|  |TAMS 0x00000000fc700000, 0x00000000fc700000| Untracked 
|   8|0x00000000fc800000, 0x00000000fc900000, 0x00000000fc900000|100%| O|  |TAMS 0x00000000fc800000, 0x00000000fc800000| Untracked 
|   9|0x00000000fc900000, 0x00000000fc97e200, 0x00000000fca00000| 49%| O|  |TAMS 0x00000000fc900000, 0x00000000fc900000| Untracked 
|  10|0x00000000fca00000, 0x00000000fca00000, 0x00000000fcb00000|  0%| F|  |TAMS 0x00000000fca00000, 0x00000000fca00000| Untracked 
|  11|0x00000000fcb00000, 0x00000000fcb00000, 0x00000000fcc00000|  0%| F|  |TAMS 0x00000000fcb00000, 0x00000000fcb00000| Untracked 
|  12|0x00000000fcc00000, 0x00000000fcc00000, 0x00000000fcd00000|  0%| F|  |TAMS 0x00000000fcc00000, 0x00000000fcc00000| Untracked 
|  13|0x00000000fcd00000, 0x00000000fcd00000, 0x00000000fce00000|  0%| F|  |TAMS 0x00000000fcd00000, 0x00000000fcd00000| Untracked 
|  14|0x00000000fce00000, 0x00000000fce00000, 0x00000000fcf00000|  0%| F|  |TAMS 0x00000000fce00000, 0x00000000fce00000| Untracked 
|  15|0x00000000fcf00000, 0x00000000fcf00000, 0x00000000fd000000|  0%| F|  |TAMS 0x00000000fcf00000, 0x00000000fcf00000| Untracked 
|  16|0x00000000fd000000, 0x00000000fd000000, 0x00000000fd100000|  0%| F|  |TAMS 0x00000000fd000000, 0x00000000fd000000| Untracked 
|  17|0x00000000fd100000, 0x00000000fd100000, 0x00000000fd200000|  0%| F|  |TAMS 0x00000000fd100000, 0x00000000fd100000| Untracked 
|  18|0x00000000fd200000, 0x00000000fd200000, 0x00000000fd300000|  0%| F|  |TAMS 0x00000000fd200000, 0x00000000fd200000| Untracked 
|  19|0x00000000fd300000, 0x00000000fd300000, 0x00000000fd400000|  0%| F|  |TAMS 0x00000000fd300000, 0x00000000fd300000| Untracked 
|  20|0x00000000fd400000, 0x00000000fd400000, 0x00000000fd500000|  0%| F|  |TAMS 0x00000000fd400000, 0x00000000fd400000| Untracked 
|  21|0x00000000fd500000, 0x00000000fd500000, 0x00000000fd600000|  0%| F|  |TAMS 0x00000000fd500000, 0x00000000fd500000| Untracked 
|  22|0x00000000fd600000, 0x00000000fd600000, 0x00000000fd700000|  0%| F|  |TAMS 0x00000000fd600000, 0x00000000fd600000| Untracked 
|  23|0x00000000fd700000, 0x00000000fd700000, 0x00000000fd800000|  0%| F|  |TAMS 0x00000000fd700000, 0x00000000fd700000| Untracked 
|  24|0x00000000fd800000, 0x00000000fd800000, 0x00000000fd900000|  0%| F|  |TAMS 0x00000000fd800000, 0x00000000fd800000| Untracked 
|  25|0x00000000fd900000, 0x00000000fd900000, 0x00000000fda00000|  0%| F|  |TAMS 0x00000000fd900000, 0x00000000fd900000| Untracked 
|  26|0x00000000fda00000, 0x00000000fda00000, 0x00000000fdb00000|  0%| F|  |TAMS 0x00000000fda00000, 0x00000000fda00000| Untracked 
|  27|0x00000000fdb00000, 0x00000000fdb00000, 0x00000000fdc00000|  0%| F|  |TAMS 0x00000000fdb00000, 0x00000000fdb00000| Untracked 
|  28|0x00000000fdc00000, 0x00000000fdc00000, 0x00000000fdd00000|  0%| F|  |TAMS 0x00000000fdc00000, 0x00000000fdc00000| Untracked 
|  29|0x00000000fdd00000, 0x00000000fdd00000, 0x00000000fde00000|  0%| F|  |TAMS 0x00000000fdd00000, 0x00000000fdd00000| Untracked 
|  30|0x00000000fde00000, 0x00000000fde00000, 0x00000000fdf00000|  0%| F|  |TAMS 0x00000000fde00000, 0x00000000fde00000| Untracked 
|  31|0x00000000fdf00000, 0x00000000fdf00000, 0x00000000fe000000|  0%| F|  |TAMS 0x00000000fdf00000, 0x00000000fdf00000| Untracked 
|  32|0x00000000fe000000, 0x00000000fe000000, 0x00000000fe100000|  0%| F|  |TAMS 0x00000000fe000000, 0x00000000fe000000| Untracked 
|  33|0x00000000fe100000, 0x00000000fe100000, 0x00000000fe200000|  0%| F|  |TAMS 0x00000000fe100000, 0x00000000fe100000| Untracked 
|  34|0x00000000fe200000, 0x00000000fe293030, 0x00000000fe300000| 57%| S|CS|TAMS 0x00000000fe200000, 0x00000000fe200000| Complete 
|  35|0x00000000fe300000, 0x00000000fe400000, 0x00000000fe400000|100%| S|CS|TAMS 0x00000000fe300000, 0x00000000fe300000| Complete 
|  36|0x00000000fe400000, 0x00000000fe500000, 0x00000000fe500000|100%| S|CS|TAMS 0x00000000fe400000, 0x00000000fe400000| Complete 
|  37|0x00000000fe500000, 0x00000000fe500000, 0x00000000fe600000|  0%| F|  |TAMS 0x00000000fe500000, 0x00000000fe500000| Untracked 
|  38|0x00000000fe600000, 0x00000000fe600000, 0x00000000fe700000|  0%| F|  |TAMS 0x00000000fe600000, 0x00000000fe600000| Untracked 
|  39|0x00000000fe700000, 0x00000000fe700000, 0x00000000fe800000|  0%| F|  |TAMS 0x00000000fe700000, 0x00000000fe700000| Untracked 
|  40|0x00000000fe800000, 0x00000000fe800000, 0x00000000fe900000|  0%| F|  |TAMS 0x00000000fe800000, 0x00000000fe800000| Untracked 
|  41|0x00000000fe900000, 0x00000000fe900000, 0x00000000fea00000|  0%| F|  |TAMS 0x00000000fe900000, 0x00000000fe900000| Untracked 
|  42|0x00000000fea00000, 0x00000000fea00000, 0x00000000feb00000|  0%| F|  |TAMS 0x00000000fea00000, 0x00000000fea00000| Untracked 
|  43|0x00000000feb00000, 0x00000000feb00000, 0x00000000fec00000|  0%| F|  |TAMS 0x00000000feb00000, 0x00000000feb00000| Untracked 
|  44|0x00000000fec00000, 0x00000000fec00000, 0x00000000fed00000|  0%| F|  |TAMS 0x00000000fec00000, 0x00000000fec00000| Untracked 
|  45|0x00000000fed00000, 0x00000000fed00000, 0x00000000fee00000|  0%| F|  |TAMS 0x00000000fed00000, 0x00000000fed00000| Untracked 
|  46|0x00000000fee00000, 0x00000000fee00000, 0x00000000fef00000|  0%| F|  |TAMS 0x00000000fee00000, 0x00000000fee00000| Untracked 
|  47|0x00000000fef00000, 0x00000000fef00000, 0x00000000ff000000|  0%| F|  |TAMS 0x00000000fef00000, 0x00000000fef00000| Untracked 
|  48|0x00000000ff000000, 0x00000000ff000000, 0x00000000ff100000|  0%| F|  |TAMS 0x00000000ff000000, 0x00000000ff000000| Untracked 
|  49|0x00000000ff100000, 0x00000000ff100000, 0x00000000ff200000|  0%| F|  |TAMS 0x00000000ff100000, 0x00000000ff100000| Untracked 
|  50|0x00000000ff200000, 0x00000000ff200000, 0x00000000ff300000|  0%| F|  |TAMS 0x00000000ff200000, 0x00000000ff200000| Untracked 
|  51|0x00000000ff300000, 0x00000000ff300000, 0x00000000ff400000|  0%| F|  |TAMS 0x00000000ff300000, 0x00000000ff300000| Untracked 
|  52|0x00000000ff400000, 0x00000000ff400000, 0x00000000ff500000|  0%| F|  |TAMS 0x00000000ff400000, 0x00000000ff400000| Untracked 
|  53|0x00000000ff500000, 0x00000000ff500000, 0x00000000ff600000|  0%| F|  |TAMS 0x00000000ff500000, 0x00000000ff500000| Untracked 
|  54|0x00000000ff600000, 0x00000000ff600000, 0x00000000ff700000|  0%| F|  |TAMS 0x00000000ff600000, 0x00000000ff600000| Untracked 
|  55|0x00000000ff700000, 0x00000000ff700000, 0x00000000ff800000|  0%| F|  |TAMS 0x00000000ff700000, 0x00000000ff700000| Untracked 
|  56|0x00000000ff800000, 0x00000000ff800000, 0x00000000ff900000|  0%| F|  |TAMS 0x00000000ff800000, 0x00000000ff800000| Untracked 
|  57|0x00000000ff900000, 0x00000000ff900000, 0x00000000ffa00000|  0%| F|  |TAMS 0x00000000ff900000, 0x00000000ff900000| Untracked 
|  58|0x00000000ffa00000, 0x00000000ffa00000, 0x00000000ffb00000|  0%| F|  |TAMS 0x00000000ffa00000, 0x00000000ffa00000| Untracked 
|  59|0x00000000ffb00000, 0x00000000ffb92818, 0x00000000ffc00000| 57%| E|  |TAMS 0x00000000ffb00000, 0x00000000ffb00000| Complete 
|  60|0x00000000ffc00000, 0x00000000ffd00000, 0x00000000ffd00000|100%| E|CS|TAMS 0x00000000ffc00000, 0x00000000ffc00000| Complete 
|  61|0x00000000ffd00000, 0x00000000ffe00000, 0x00000000ffe00000|100%| E|CS|TAMS 0x00000000ffd00000, 0x00000000ffd00000| Complete 
|  62|0x00000000ffe00000, 0x00000000fff00000, 0x00000000fff00000|100%| E|CS|TAMS 0x00000000ffe00000, 0x00000000ffe00000| Complete 
|  63|0x00000000fff00000, 0x0000000100000000, 0x0000000100000000|100%| E|CS|TAMS 0x00000000fff00000, 0x00000000fff00000| Complete 

Card table byte_map: [0x000001d6a3e70000,0x000001d6a3e90000] _byte_map_base: 0x000001d6a3690000

Marking Bits (Prev, Next): (CMBitMap*) 0x000001d6a3f5ce90, (CMBitMap*) 0x000001d6a3f5ced0
 Prev Bits: [0x000001d6bb720000, 0x000001d6bb820000)
 Next Bits: [0x000001d6bb820000, 0x000001d6bb920000)

Polling page: 0x000001d6a1f30000

Metaspace:

Usage:
  Non-class:      8.19 MB used.
      Class:      1.23 MB used.
       Both:      9.42 MB used.

Virtual space:
  Non-class space:       64.00 MB reserved,       8.31 MB ( 13%) committed,  1 nodes.
      Class space:        1.00 GB reserved,       1.44 MB ( <1%) committed,  1 nodes.
             Both:        1.06 GB reserved,       9.75 MB ( <1%) committed. 

Chunk freelists:
   Non-Class:  3.45 MB
       Class:  2.48 MB
        Both:  5.94 MB

MaxMetaspaceSize: unlimited
CompressedClassSpaceSize: 1.00 GB
Initial GC threshold: 21.00 MB
Current GC threshold: 21.00 MB
CDS: on
MetaspaceReclaimPolicy: balanced
 - commit_granule_bytes: 65536.
 - commit_granule_words: 8192.
 - virtual_space_node_default_size: 8388608.
 - enlarge_chunks_in_place: 1.
 - new_chunks_are_fully_committed: 0.
 - uncommit_free_chunks: 1.
 - use_allocation_guard: 0.


Internal statistics:

num_allocs_failed_limit: 0.
num_arena_births: 240.
num_arena_deaths: 0.
num_vsnodes_births: 2.
num_vsnodes_deaths: 0.
num_space_committed: 156.
num_space_uncommitted: 0.
num_chunks_returned_to_freelist: 0.
num_chunks_taken_from_freelist: 538.
num_chunk_merges: 0.
num_chunk_splits: 335.
num_chunks_enlarged: 239.
num_inconsistent_stats: 0.

CodeHeap 'non-profiled nmethods': size=119168Kb used=654Kb max_used=654Kb free=118513Kb
 bounds [0x000001d6b3a30000, 0x000001d6b3ca0000, 0x000001d6bae90000]
CodeHeap 'profiled nmethods': size=119104Kb used=3157Kb max_used=3157Kb free=115947Kb
 bounds [0x000001d6abe90000, 0x000001d6ac1b0000, 0x000001d6b32e0000]
CodeHeap 'non-nmethods': size=7488Kb used=2956Kb max_used=2973Kb free=4531Kb
 bounds [0x000001d6b32e0000, 0x000001d6b35d0000, 0x000001d6b3a30000]
 total_blobs=2161 nmethods=1677 adapters=392
 compilation: enabled
              stopped_count=0, restarted_count=0
 full_count=0

Compilation events (20 events):
Event: 1.174 Thread 0x000001d6be853640 nmethod 1631 0x000001d6ac18f790 code [0x000001d6ac18f920, 0x000001d6ac18fa38]
Event: 1.174 Thread 0x000001d6c2c1be80 1632       3       java.util.ArrayDeque::removeFirst (19 bytes)
Event: 1.174 Thread 0x000001d6be853640 1633       3       java.util.ArrayDeque::remove (5 bytes)
Event: 1.174 Thread 0x000001d6be84df70 1634 %     4       java.io.BufferedReader::implReadLine @ 125 (302 bytes)
Event: 1.174 Thread 0x000001d6c2c1be80 nmethod 1632 0x000001d6ac18fb10 code [0x000001d6ac18fce0, 0x000001d6ac18ff38]
Event: 1.174 Thread 0x000001d6c2c1be80 1635       1       java.nio.Buffer::capacity (5 bytes)
Event: 1.174 Thread 0x000001d6c2c1a2b0 nmethod 1630 0x000001d6ac191690 code [0x000001d6ac191840, 0x000001d6ac191a88]
Event: 1.174 Thread 0x000001d6c2c1a2b0 1636       3       java.nio.Buffer::<init> (105 bytes)
Event: 1.174 Thread 0x000001d6be853640 nmethod 1633 0x000001d6ac191b90 code [0x000001d6ac191d60, 0x000001d6ac191ff8]
Event: 1.174 Thread 0x000001d6c2c1be80 nmethod 1635 0x000001d6b3ad0610 code [0x000001d6b3ad07a0, 0x000001d6b3ad0858]
Event: 1.174 Thread 0x000001d6c2c19790 nmethod 1627 0x000001d6ac190090 code [0x000001d6ac190320, 0x000001d6ac191198]
Event: 1.174 Thread 0x000001d6c2c19790 1637       3       java.nio.charset.CoderResult::isUnderflow (13 bytes)
Event: 1.174 Thread 0x000001d6c2c19790 nmethod 1637 0x000001d6ac192110 code [0x000001d6ac1922a0, 0x000001d6ac192418]
Event: 1.175 Thread 0x000001d6c2c1a2b0 nmethod 1636 0x000001d6ac192490 code [0x000001d6ac192740, 0x000001d6ac193208]
Event: 1.175 Thread 0x000001d6c2c19790 1639       3       java.nio.CharBuffer::position (8 bytes)
Event: 1.175 Thread 0x000001d6c2c1a2b0 1638       3       java.nio.CharBuffer::position (6 bytes)
Event: 1.175 Thread 0x000001d6c2c19790 nmethod 1639 0x000001d6ac193610 code [0x000001d6ac1937c0, 0x000001d6ac193908]
Event: 1.175 Thread 0x000001d6c2c1a2b0 nmethod 1638 0x000001d6ac193990 code [0x000001d6ac193b40, 0x000001d6ac193ce8]
Event: 1.175 Thread 0x000001d6c2c1a2b0 1640       3       java.nio.ByteBuffer::position (6 bytes)
Event: 1.175 Thread 0x000001d6c2c1a2b0 nmethod 1640 0x000001d6ac193d90 code [0x000001d6ac193f40, 0x000001d6ac194108]

GC Heap History (4 events):
Event: 0.211 GC heap before
{Heap before GC invocations=0 (full 0):
 garbage-first heap   total 65536K, used 26624K [0x00000000fc000000, 0x0000000100000000)
  region size 1024K, 23 young (23552K), 0 survivors (0K)
 Metaspace       used 1846K, committed 2048K, reserved 1114112K
  class space    used 156K, committed 256K, reserved 1048576K
}
Event: 0.214 GC heap after
{Heap after GC invocations=1 (full 0):
 garbage-first heap   total 65536K, used 9424K [0x00000000fc000000, 0x0000000100000000)
  region size 1024K, 3 young (3072K), 3 survivors (3072K)
 Metaspace       used 1846K, committed 2048K, reserved 1114112K
  class space    used 156K, committed 256K, reserved 1048576K
}
Event: 0.611 GC heap before
{Heap before GC invocations=1 (full 0):
 garbage-first heap   total 65536K, used 34000K [0x00000000fc000000, 0x0000000100000000)
  region size 1024K, 27 young (27648K), 3 survivors (3072K)
 Metaspace       used 8176K, committed 8512K, reserved 1114112K
  class space    used 1077K, committed 1216K, reserved 1048576K
}
Event: 0.614 GC heap after
{Heap after GC invocations=2 (full 0):
 garbage-first heap   total 65536K, used 12356K [0x00000000fc000000, 0x0000000100000000)
  region size 1024K, 3 young (3072K), 3 survivors (3072K)
 Metaspace       used 8176K, committed 8512K, reserved 1114112K
  class space    used 1077K, committed 1216K, reserved 1048576K
}

Dll operation events (12 events):
Event: 0.004 Loaded shared library C:\Program Files\Java\jdk-19\bin\java.dll
Event: 0.010 Loaded shared library C:\Program Files\Java\jdk-19\bin\jsvml.dll
Event: 0.030 Loaded shared library C:\Program Files\Java\jdk-19\bin\net.dll
Event: 0.031 Loaded shared library C:\Program Files\Java\jdk-19\bin\nio.dll
Event: 0.033 Loaded shared library C:\Program Files\Java\jdk-19\bin\zip.dll
Event: 0.035 Loaded shared library C:\Program Files\Java\jdk-19\bin\verify.dll
Event: 0.166 Loaded shared library C:\Program Files\Java\jdk-19\bin\jimage.dll
Event: 0.351 Loaded shared library C:\Users\Lenovo\.gradle\native\c067742578af261105cb4f569cf0c3c89f3d7b1fecec35dd04571415982c5e48\windows-amd64\native-platform.dll
Event: 0.442 Loaded shared library C:\Program Files\Java\jdk-19\bin\management.dll
Event: 0.443 Loaded shared library C:\Program Files\Java\jdk-19\bin\management_ext.dll
Event: 0.604 Loaded shared library C:\Program Files\Java\jdk-19\bin\extnet.dll
Event: 0.633 Loaded shared library C:\Program Files\Java\jdk-19\bin\sunmscapi.dll

Deoptimization events (20 events):
Event: 0.636 Thread 0x000001d6a3f37620 Uncommon trap: trap_request=0xffffff45 fr.pc=0x000001d6b3a6068c relative=0x000000000000026c
Event: 0.636 Thread 0x000001d6a3f37620 Uncommon trap: reason=unstable_if action=reinterpret pc=0x000001d6b3a6068c method=java.util.HashMap.putVal(ILjava/lang/Object;Ljava/lang/Object;ZZ)Ljava/lang/Object; @ 162 c2
Event: 0.636 Thread 0x000001d6a3f37620 DEOPT PACKING pc=0x000001d6b3a6068c sp=0x0000003a967fbc50
Event: 0.636 Thread 0x000001d6a3f37620 DEOPT UNPACKING pc=0x000001d6b3346da3 sp=0x0000003a967fbb88 mode 2
Event: 0.648 Thread 0x000001d6a3f37620 Uncommon trap: trap_request=0xffffffde fr.pc=0x000001d6b3a70d14 relative=0x0000000000000074
Event: 0.648 Thread 0x000001d6a3f37620 Uncommon trap: reason=class_check action=maybe_recompile pc=0x000001d6b3a70d14 method=java.util.AbstractList$Itr.hasNext()Z @ 8 c2
Event: 0.648 Thread 0x000001d6a3f37620 DEOPT PACKING pc=0x000001d6b3a70d14 sp=0x0000003a967fce40
Event: 0.648 Thread 0x000001d6a3f37620 DEOPT UNPACKING pc=0x000001d6b3346da3 sp=0x0000003a967fcdd8 mode 2
Event: 0.648 Thread 0x000001d6a3f37620 Uncommon trap: trap_request=0xffffffde fr.pc=0x000001d6b3a71054 relative=0x00000000000000b4
Event: 0.648 Thread 0x000001d6a3f37620 Uncommon trap: reason=class_check action=maybe_recompile pc=0x000001d6b3a71054 method=java.util.AbstractList$Itr.next()Ljava/lang/Object; @ 14 c2
Event: 0.648 Thread 0x000001d6a3f37620 DEOPT PACKING pc=0x000001d6b3a71054 sp=0x0000003a967fce30
Event: 0.648 Thread 0x000001d6a3f37620 DEOPT UNPACKING pc=0x000001d6b3346da3 sp=0x0000003a967fcdc8 mode 2
Event: 0.650 Thread 0x000001d6a3f37620 Uncommon trap: trap_request=0xffffff45 fr.pc=0x000001d6b3aa1eec relative=0x000000000000062c
Event: 0.650 Thread 0x000001d6a3f37620 Uncommon trap: reason=unstable_if action=reinterpret pc=0x000001d6b3aa1eec method=java.lang.Integer.stringSize(I)I @ 19 c2
Event: 0.650 Thread 0x000001d6a3f37620 DEOPT PACKING pc=0x000001d6b3aa1eec sp=0x0000003a967fd810
Event: 0.650 Thread 0x000001d6a3f37620 DEOPT UNPACKING pc=0x000001d6b3346da3 sp=0x0000003a967fd758 mode 2
Event: 0.662 Thread 0x000001d6a3f37620 Uncommon trap: trap_request=0xffffffde fr.pc=0x000001d6b3a70d14 relative=0x0000000000000074
Event: 0.662 Thread 0x000001d6a3f37620 Uncommon trap: reason=class_check action=maybe_recompile pc=0x000001d6b3a70d14 method=java.util.AbstractList$Itr.hasNext()Z @ 8 c2
Event: 0.662 Thread 0x000001d6a3f37620 DEOPT PACKING pc=0x000001d6b3a70d14 sp=0x0000003a967fddd0
Event: 0.662 Thread 0x000001d6a3f37620 DEOPT UNPACKING pc=0x000001d6b3346da3 sp=0x0000003a967fdd68 mode 2

Classes loaded (20 events):
Event: 1.168 Loading class java/nio/file/FileChannelLinesSpliterator
Event: 1.168 Loading class java/nio/file/FileChannelLinesSpliterator done
Event: 1.168 Loading class sun/nio/fs/WindowsSecurityDescriptor
Event: 1.169 Loading class sun/nio/fs/WindowsSecurityDescriptor done
Event: 1.169 Loading class sun/nio/fs/WindowsChannelFactory
Event: 1.169 Loading class sun/nio/fs/WindowsChannelFactory done
Event: 1.169 Loading class sun/nio/fs/WindowsChannelFactory$1
Event: 1.169 Loading class sun/nio/fs/WindowsChannelFactory$1 done
Event: 1.169 Loading class sun/nio/fs/WindowsChannelFactory$Flags
Event: 1.169 Loading class sun/nio/fs/WindowsChannelFactory$Flags done
Event: 1.169 Loading class sun/nio/fs/WindowsChannelFactory$2
Event: 1.169 Loading class sun/nio/fs/WindowsChannelFactory$2 done
Event: 1.169 Loading class sun/nio/ch/FileChannelImpl$Closer
Event: 1.169 Loading class sun/nio/ch/FileChannelImpl$Closer done
Event: 1.170 Loading class java/util/stream/Streams$1
Event: 1.170 Loading class java/util/stream/Streams$1 done
Event: 1.172 Loading class java/nio/file/FileChannelLinesSpliterator$1
Event: 1.172 Loading class java/nio/file/FileChannelLinesSpliterator$1 done
Event: 1.172 Loading class java/nio/channels/Channels
Event: 1.172 Loading class java/nio/channels/Channels done

Classes unloaded (0 events):
No events

Classes redefined (0 events):
No events

Internal exceptions (20 events):
Event: 0.338 Thread 0x000001d6a3f37620 Exception <a 'java/lang/NoSuchMethodError'{0x00000000ff6172c0}: 'java.lang.Object java.lang.invoke.DirectMethodHandle$Holder.invokeVirtual(java.lang.Object, java.lang.Object, java.lang.Object)'> (0x00000000ff6172c0) 
thrown [s\open\src\hotspot\share\interpreter\linkResolver.cpp, line 774]
Event: 0.342 Thread 0x000001d6a3f37620 Exception <a 'java/lang/NoSuchMethodError'{0x00000000ff66e9c8}: 'java.lang.Object java.lang.invoke.DirectMethodHandle$Holder.invokeStatic(java.lang.Object, java.lang.Object, int)'> (0x00000000ff66e9c8) 
thrown [s\open\src\hotspot\share\interpreter\linkResolver.cpp, line 774]
Event: 0.343 Thread 0x000001d6a3f37620 Exception <a 'java/lang/NoSuchMethodError'{0x00000000ff67a6f0}: 'void java.lang.invoke.DelegatingMethodHandle$Holder.delegate(java.lang.Object, java.lang.Object, int, java.lang.Object)'> (0x00000000ff67a6f0) 
thrown [s\open\src\hotspot\share\interpreter\linkResolver.cpp, line 774]
Event: 0.344 Thread 0x000001d6a3f37620 Exception <a 'java/lang/NoSuchMethodError'{0x00000000ff67e850}: 'int java.lang.invoke.DirectMethodHandle$Holder.invokeSpecial(java.lang.Object, java.lang.Object, java.lang.Object)'> (0x00000000ff67e850) 
thrown [s\open\src\hotspot\share\interpreter\linkResolver.cpp, line 774]
Event: 0.393 Thread 0x000001d6a3f37620 Exception <a 'java/lang/NoSuchMethodError'{0x00000000ff3da708}: 'java.lang.Object java.lang.invoke.Invokers$Holder.invokeExact_MT(java.lang.Object, java.lang.Object, java.lang.Object, java.lang.Object, java.lang.Object)'> (0x00000000ff3da708) 
thrown [s\open\src\hotspot\share\interpreter\linkResolver.cpp, line 774]
Event: 0.397 Thread 0x000001d6a3f37620 Exception <a 'java/lang/NoSuchMethodError'{0x00000000ff20a380}: 'java.lang.Object java.lang.invoke.DirectMethodHandle$Holder.invokeVirtual(java.lang.Object, java.lang.Object, java.lang.Object, java.lang.Object, java.lang.Object, java.lang.Object, java.lang.Object)'> (0x00000000ff20a380) 
thrown [s\open\src\hotspot\share\interpreter\linkResolver.cpp, line 774]
Event: 0.404 Thread 0x000001d6a3f37620 Exception <a 'java/lang/NoSuchMethodError'{0x00000000ff2502f0}: 'java.lang.Object java.lang.invoke.DirectMethodHandle$Holder.invokeVirtual(java.lang.Object, java.lang.Object, java.lang.Object, java.lang.Object)'> (0x00000000ff2502f0) 
thrown [s\open\src\hotspot\share\interpreter\linkResolver.cpp, line 774]
Event: 0.415 Thread 0x000001d6a3f37620 Exception <a 'java/lang/NoSuchMethodError'{0x00000000ff13dd68}: 'java.lang.Object java.lang.invoke.DirectMethodHandle$Holder.invokeVirtual(java.lang.Object, java.lang.Object, java.lang.Object, java.lang.Object, java.lang.Object, java.lang.Object)'> (0x00000000ff13dd68) 
thrown [s\open\src\hotspot\share\interpreter\linkResolver.cpp, line 774]
Event: 0.433 Thread 0x000001d6a3f37620 Implicit null exception at 0x000001d6b3a9c60e to 0x000001d6b3a9c840
Event: 0.441 Thread 0x000001d6a3f37620 Exception <a 'java/lang/NoSuchMethodError'{0x00000000feff94c0}: 'java.lang.Object java.lang.invoke.DirectMethodHandle$Holder.invokeStaticInit(java.lang.Object)'> (0x00000000feff94c0) 
thrown [s\open\src\hotspot\share\interpreter\linkResolver.cpp, line 774]
Event: 0.455 Thread 0x000001d6a3f37620 Exception <a 'java/lang/NoSuchMethodError'{0x00000000fee98838}: 'int java.lang.invoke.DirectMethodHandle$Holder.invokeVirtual(java.lang.Object, java.lang.Object, java.lang.Object)'> (0x00000000fee98838) 
thrown [s\open\src\hotspot\share\interpreter\linkResolver.cpp, line 774]
Event: 0.478 Thread 0x000001d6a3f37620 Exception <a 'java/lang/NoSuchMethodError'{0x00000000fec3b628}: 'java.lang.Object java.lang.invoke.DirectMethodHandle$Holder.invokeVirtual(java.lang.Object, java.lang.Object, java.lang.Object, java.lang.Object, java.lang.Object)'> (0x00000000fec3b628) 
thrown [s\open\src\hotspot\share\interpreter\linkResolver.cpp, line 774]
Event: 0.479 Thread 0x000001d6a3f37620 Exception <a 'java/lang/NoSuchMethodError'{0x00000000fec4f5b8}: 'java.lang.Object java.lang.invoke.Invokers$Holder.invokeExact_MT(java.lang.Object, java.lang.Object, java.lang.Object, java.lang.Object, java.lang.Object, java.lang.Object)'> (0x00000000fec4f5b8) 
thrown [s\open\src\hotspot\share\interpreter\linkResolver.cpp, line 774]
Event: 0.485 Thread 0x000001d6a3f37620 Exception <a 'java/lang/NoSuchMethodError'{0x00000000fecf4980}: 'java.lang.Object java.lang.invoke.DirectMethodHandle$Holder.invokeVirtual(java.lang.Object, java.lang.Object, java.lang.Object, java.lang.Object, java.lang.Object, java.lang.Object, java.lang.Object, java.lang.Object)'> (0x00000000fecf4980) 
thrown [s\open\src\hotspot\share\interpreter\linkResolver.cpp, line 774]
Event: 0.516 Thread 0x000001d6a3f37620 Exception <a 'java/lang/NoSuchMethodError'{0x00000000fe9b1478}: 'java.lang.Object java.lang.invoke.DirectMethodHandle$Holder.invokeStaticInit(java.lang.Object, int, int, int, int)'> (0x00000000fe9b1478) 
thrown [s\open\src\hotspot\share\interpreter\linkResolver.cpp, line 774]
Event: 0.549 Thread 0x000001d6a3f37620 Exception <a 'java/lang/NoSuchMethodError'{0x00000000fe564da8}: 'java.lang.Object java.lang.invoke.DirectMethodHandle$Holder.invokeStaticInit(java.lang.Object, java.lang.Object, int, int, int, int)'> (0x00000000fe564da8) 
thrown [s\open\src\hotspot\share\interpreter\linkResolver.cpp, line 774]
Event: 0.606 Thread 0x000001d6a3f37620 Exception <a 'java/lang/NoSuchMethodError'{0x00000000fe58e728}: 'void java.lang.invoke.DirectMethodHandle$Holder.invokeStatic(java.lang.Object, java.lang.Object, java.lang.Object)'> (0x00000000fe58e728) 
thrown [s\open\src\hotspot\share\interpreter\linkResolver.cpp, line 774]
Event: 0.622 Thread 0x000001d6a3f37620 Implicit null exception at 0x000001d6b3a78f72 to 0x000001d6b3a7945c
Event: 0.624 Thread 0x000001d6a3f37620 Exception <a 'java/lang/NoSuchMethodError'{0x00000000ffff6078}: 'void java.lang.invoke.DirectMethodHandle$Holder.invokeInterface(java.lang.Object, java.lang.Object, java.lang.Object)'> (0x00000000ffff6078) 
thrown [s\open\src\hotspot\share\interpreter\linkResolver.cpp, line 774]
Event: 1.167 Thread 0x000001d6a3f37620 Exception <a 'sun/net/ConnectionResetException'{0x00000000ffc28ad8}: Connection reset> (0x00000000ffc28ad8) 
thrown [s\open\src\hotspot\share\prims\jni.cpp, line 536]

VM Operations (20 events):
Event: 0.329 Executing VM operation: HandshakeAllThreads
Event: 0.329 Executing VM operation: HandshakeAllThreads done
Event: 0.342 Executing VM operation: HandshakeAllThreads
Event: 0.342 Executing VM operation: HandshakeAllThreads done
Event: 0.383 Executing VM operation: HandshakeAllThreads
Event: 0.383 Executing VM operation: HandshakeAllThreads done
Event: 0.395 Executing VM operation: HandshakeAllThreads
Event: 0.395 Executing VM operation: HandshakeAllThreads done
Event: 0.450 Executing VM operation: HandshakeAllThreads
Event: 0.450 Executing VM operation: HandshakeAllThreads done
Event: 0.492 Executing VM operation: HandshakeAllThreads
Event: 0.492 Executing VM operation: HandshakeAllThreads done
Event: 0.545 Executing VM operation: HandshakeAllThreads
Event: 0.545 Executing VM operation: HandshakeAllThreads done
Event: 0.611 Executing VM operation: G1CollectForAllocation
Event: 0.614 Executing VM operation: G1CollectForAllocation done
Event: 0.639 Executing VM operation: HandshakeAllThreads
Event: 0.639 Executing VM operation: HandshakeAllThreads done
Event: 0.666 Executing VM operation: HandshakeAllThreads
Event: 0.666 Executing VM operation: HandshakeAllThreads done

Events (18 events):
Event: 0.011 Thread 0x000001d6a3f37620 Thread added: 0x000001d6a3f37620
Event: 0.017 Thread 0x000001d6be8446d0 Thread added: 0x000001d6be8446d0
Event: 0.017 Thread 0x000001d6be8454c0 Thread added: 0x000001d6be8454c0
Event: 0.018 Thread 0x000001d6be849010 Thread added: 0x000001d6be849010
Event: 0.018 Thread 0x000001d6be84bd50 Thread added: 0x000001d6be84bd50
Event: 0.018 Thread 0x000001d6be84c680 Thread added: 0x000001d6be84c680
Event: 0.018 Thread 0x000001d6be84cfb0 Thread added: 0x000001d6be84cfb0
Event: 0.018 Thread 0x000001d6be84df70 Thread added: 0x000001d6be84df70
Event: 0.018 Thread 0x000001d6be853640 Thread added: 0x000001d6be853640
Event: 0.018 Thread 0x000001d6be85cd00 Thread added: 0x000001d6be85cd00
Event: 0.021 Thread 0x000001d6c2c19790 Thread added: 0x000001d6c2c19790
Event: 0.021 Thread 0x000001d6c2c1be80 Thread added: 0x000001d6c2c1be80
Event: 0.027 Thread 0x000001d6c2d10e80 Thread added: 0x000001d6c2d10e80
Event: 0.028 Thread 0x000001d6c2d15860 Thread added: 0x000001d6c2d15860
Event: 0.100 Thread 0x000001d6c2c19d20 Thread added: 0x000001d6c2c19d20
Event: 0.307 Thread 0x000001d6c2c1a2b0 Thread added: 0x000001d6c2c1a2b0
Event: 0.361 Thread 0x000001d6c3861ff0 Thread added: 0x000001d6c3861ff0
Event: 0.769 Thread 0x000001d6c2c19d20 Thread exited: 0x000001d6c2c19d20


Dynamic libraries:
0x00007ff67adf0000 - 0x00007ff67ae00000 	C:\Program Files\Java\jdk-19\bin\java.exe
0x00007ff932650000 - 0x00007ff932867000 	C:\WINDOWS\SYSTEM32\ntdll.dll
0x00007ff931120000 - 0x00007ff9311e4000 	C:\WINDOWS\System32\KERNEL32.DLL
0x00007ff92faa0000 - 0x00007ff92fe59000 	C:\WINDOWS\System32\KERNELBASE.dll
0x00007ff92ff00000 - 0x00007ff930011000 	C:\WINDOWS\System32\ucrtbase.dll
0x00007ff8e03e0000 - 0x00007ff8e03f8000 	C:\Program Files\Java\jdk-19\bin\jli.dll
0x00007ff88f4f0000 - 0x00007ff88f50b000 	C:\Program Files\Java\jdk-19\bin\VCRUNTIME140.dll
0x00007ff932310000 - 0x00007ff9323c2000 	C:\WINDOWS\System32\ADVAPI32.dll
0x00007ff931c20000 - 0x00007ff931cc7000 	C:\WINDOWS\System32\msvcrt.dll
0x00007ff931dc0000 - 0x00007ff931e67000 	C:\WINDOWS\System32\sechost.dll
0x00007ff930110000 - 0x00007ff930138000 	C:\WINDOWS\System32\bcrypt.dll
0x00007ff9319a0000 - 0x00007ff931ab4000 	C:\WINDOWS\System32\RPCRT4.dll
0x00007ff931e70000 - 0x00007ff93201e000 	C:\WINDOWS\System32\USER32.dll
0x00007ff92f950000 - 0x00007ff92f976000 	C:\WINDOWS\System32\win32u.dll
0x00007ff9158a0000 - 0x00007ff915b32000 	C:\WINDOWS\WinSxS\amd64_microsoft.windows.common-controls_6595b64144ccf1df_6.0.22621.4391_none_2715d37f73803e96\COMCTL32.dll
0x00007ff9313c0000 - 0x00007ff9313e9000 	C:\WINDOWS\System32\GDI32.dll
0x00007ff92f980000 - 0x00007ff92fa9b000 	C:\WINDOWS\System32\gdi32full.dll
0x00007ff92fe60000 - 0x00007ff92fefa000 	C:\WINDOWS\System32\msvcp_win.dll
0x00007ff924670000 - 0x00007ff92467a000 	C:\WINDOWS\SYSTEM32\VERSION.dll
0x00007ff932040000 - 0x00007ff932071000 	C:\WINDOWS\System32\IMM32.DLL
0x00007ff8ee440000 - 0x00007ff8ee44c000 	C:\Program Files\Java\jdk-19\bin\vcruntime140_1.dll
0x00007ff88f460000 - 0x00007ff88f4ee000 	C:\Program Files\Java\jdk-19\bin\msvcp140.dll
0x00007ff84a250000 - 0x00007ff84af10000 	C:\Program Files\Java\jdk-19\bin\server\jvm.dll
0x00007ff924630000 - 0x00007ff924664000 	C:\WINDOWS\SYSTEM32\WINMM.dll
0x00007ff9020f0000 - 0x00007ff9020f9000 	C:\WINDOWS\SYSTEM32\WSOCK32.dll
0x00007ff932080000 - 0x00007ff9320f1000 	C:\WINDOWS\System32\WS2_32.dll
0x00007ff92ea40000 - 0x00007ff92ea58000 	C:\WINDOWS\SYSTEM32\kernel.appcore.dll
0x00007ff8e2240000 - 0x00007ff8e224a000 	C:\Program Files\Java\jdk-19\bin\jimage.dll
0x00007ff92d210000 - 0x00007ff92d442000 	C:\WINDOWS\SYSTEM32\DBGHELP.DLL
0x00007ff931520000 - 0x00007ff9318af000 	C:\WINDOWS\System32\combase.dll
0x00007ff931cd0000 - 0x00007ff931da7000 	C:\WINDOWS\System32\OLEAUT32.dll
0x00007ff921f30000 - 0x00007ff921f62000 	C:\WINDOWS\SYSTEM32\dbgcore.DLL
0x00007ff930020000 - 0x00007ff93009b000 	C:\WINDOWS\System32\bcryptPrimitives.dll
0x00007ff88f430000 - 0x00007ff88f456000 	C:\Program Files\Java\jdk-19\bin\java.dll
0x00007ff86e380000 - 0x00007ff86e457000 	C:\Program Files\Java\jdk-19\bin\jsvml.dll
0x00007ff930370000 - 0x00007ff930be6000 	C:\WINDOWS\System32\SHELL32.dll
0x00007ff92d850000 - 0x00007ff92e153000 	C:\WINDOWS\SYSTEM32\windows.storage.dll
0x00007ff92d710000 - 0x00007ff92d84f000 	C:\WINDOWS\SYSTEM32\wintypes.dll
0x00007ff931b20000 - 0x00007ff931c19000 	C:\WINDOWS\System32\SHCORE.dll
0x00007ff9318b0000 - 0x00007ff93190e000 	C:\WINDOWS\System32\shlwapi.dll
0x00007ff92f880000 - 0x00007ff92f8ab000 	C:\WINDOWS\SYSTEM32\profapi.dll
0x00007ff88f410000 - 0x00007ff88f423000 	C:\Program Files\Java\jdk-19\bin\net.dll
0x00007ff926640000 - 0x00007ff926776000 	C:\WINDOWS\SYSTEM32\WINHTTP.dll
0x00007ff92eeb0000 - 0x00007ff92ef19000 	C:\WINDOWS\system32\mswsock.dll
0x00007ff88f3f0000 - 0x00007ff88f406000 	C:\Program Files\Java\jdk-19\bin\nio.dll
0x00007ff88f3d0000 - 0x00007ff88f3e8000 	C:\Program Files\Java\jdk-19\bin\zip.dll
0x00007ff8ded80000 - 0x00007ff8ded90000 	C:\Program Files\Java\jdk-19\bin\verify.dll
0x00007ff88f3a0000 - 0x00007ff88f3c7000 	C:\Users\Lenovo\.gradle\native\c067742578af261105cb4f569cf0c3c89f3d7b1fecec35dd04571415982c5e48\windows-amd64\native-platform.dll
0x00007ff924620000 - 0x00007ff92462a000 	C:\Program Files\Java\jdk-19\bin\management.dll
0x00007ff924610000 - 0x00007ff92461b000 	C:\Program Files\Java\jdk-19\bin\management_ext.dll
0x00007ff931db0000 - 0x00007ff931db8000 	C:\WINDOWS\System32\PSAPI.DLL
0x00007ff92f1a0000 - 0x00007ff92f1bb000 	C:\WINDOWS\SYSTEM32\CRYPTSP.dll
0x00007ff92e9a0000 - 0x00007ff92e9d5000 	C:\WINDOWS\system32\rsaenh.dll
0x00007ff92ef50000 - 0x00007ff92ef78000 	C:\WINDOWS\SYSTEM32\USERENV.dll
0x00007ff92f0b0000 - 0x00007ff92f0bc000 	C:\WINDOWS\SYSTEM32\CRYPTBASE.dll
0x00007ff92e470000 - 0x00007ff92e49d000 	C:\WINDOWS\SYSTEM32\IPHLPAPI.DLL
0x00007ff931400000 - 0x00007ff931409000 	C:\WINDOWS\System32\NSI.dll
0x00007ff925d10000 - 0x00007ff925d29000 	C:\WINDOWS\SYSTEM32\dhcpcsvc6.DLL
0x00007ff925cd0000 - 0x00007ff925cef000 	C:\WINDOWS\SYSTEM32\dhcpcsvc.DLL
0x00007ff92e4a0000 - 0x00007ff92e5a2000 	C:\WINDOWS\SYSTEM32\DNSAPI.dll
0x00007ff924400000 - 0x00007ff924408000 	C:\Program Files\Java\jdk-19\bin\extnet.dll
0x00007ff86e030000 - 0x00007ff86e03e000 	C:\Program Files\Java\jdk-19\bin\sunmscapi.dll
0x00007ff930140000 - 0x00007ff9302a6000 	C:\WINDOWS\System32\CRYPT32.dll
0x00007ff92f310000 - 0x00007ff92f33d000 	C:\WINDOWS\SYSTEM32\ncrypt.dll
0x00007ff92f2d0000 - 0x00007ff92f307000 	C:\WINDOWS\SYSTEM32\NTASN1.dll
0x00007ff8f4f40000 - 0x00007ff8f4f48000 	C:\WINDOWS\system32\wshunix.dll

dbghelp: loaded successfully - version: 4.0.5 - missing functions: none
symbol engine: initialized successfully - sym options: 0x614 - pdb path: .;C:\Program Files\Java\jdk-19\bin;C:\WINDOWS\SYSTEM32;C:\WINDOWS\WinSxS\amd64_microsoft.windows.common-controls_6595b64144ccf1df_6.0.22621.4391_none_2715d37f73803e96;C:\Program Files\Java\jdk-19\bin\server;C:\Users\Lenovo\.gradle\native\c067742578af261105cb4f569cf0c3c89f3d7b1fecec35dd04571415982c5e48\windows-amd64

VM Arguments:
jvm_args: -Xmx64m -Xms64m -Dorg.gradle.appname=gradlew 
java_command: org.gradle.wrapper.GradleWrapperMain app:installDebug -PreactNativeDevServerPort=8081
java_class_path (initial): C:\Users\Lenovo\AwesomeProject\android\\gradle\wrapper\gradle-wrapper.jar
Launcher Type: SUN_STANDARD

[Global flags]
     intx CICompilerCount                          = 12                                        {product} {ergonomic}
     uint ConcGCThreads                            = 3                                         {product} {ergonomic}
     uint G1ConcRefinementThreads                  = 13                                        {product} {ergonomic}
   size_t G1HeapRegionSize                         = 1048576                                   {product} {ergonomic}
    uintx GCDrainStackTargetSize                   = 64                                        {product} {ergonomic}
   size_t InitialHeapSize                          = 67108864                                  {product} {command line}
   size_t MarkStackSize                            = 4194304                                   {product} {ergonomic}
   size_t MaxHeapSize                              = 67108864                                  {product} {command line}
   size_t MaxNewSize                               = 39845888                                  {product} {ergonomic}
   size_t MinHeapDeltaBytes                        = 1048576                                   {product} {ergonomic}
   size_t MinHeapSize                              = 67108864                                  {product} {command line}
    uintx NonNMethodCodeHeapSize                   = 7602480                                {pd product} {ergonomic}
    uintx NonProfiledCodeHeapSize                  = 122027880                              {pd product} {ergonomic}
    uintx ProfiledCodeHeapSize                     = 122027880                              {pd product} {ergonomic}
    uintx ReservedCodeCacheSize                    = 251658240                              {pd product} {ergonomic}
     bool SegmentedCodeCache                       = true                                      {product} {ergonomic}
   size_t SoftMaxHeapSize                          = 67108864                               {manageable} {ergonomic}
     bool UseCompressedClassPointers               = true                           {product lp64_product} {ergonomic}
     bool UseCompressedOops                        = true                           {product lp64_product} {ergonomic}
     bool UseG1GC                                  = true                                      {product} {ergonomic}
     bool UseLargePagesIndividualAllocation        = false                                  {pd product} {ergonomic}

Logging:
Log output configuration:
 #0: stdout all=warning uptime,level,tags foldmultilines=false
 #1: stderr all=off uptime,level,tags foldmultilines=false

Environment Variables:
JAVA_HOME=C:\Program Files\Java\jdk-19
CLASSPATH=C:\Users\Lenovo\AwesomeProject\android\\gradle\wrapper\gradle-wrapper.jar
PATH=C:\Users\Lenovo\AwesomeProject\node_modules\.bin;C:\Users\Lenovo\AwesomeProject\node_modules\.bin;C:\Users\Lenovo\node_modules\.bin;C:\Users\node_modules\.bin;C:\node_modules\.bin;C:\Users\Lenovo\AppData\Roaming\npm\node_modules\npm\node_modules\@npmcli\run-script\lib\node-gyp-bin;C:\Users\Lenovo\AwesomeProject\node_modules\.bin;C:\Users\Lenovo\AwesomeProject\node_modules\.bin;C:\Users\Lenovo\node_modules\.bin;C:\Users\node_modules\.bin;C:\node_modules\.bin;C:\Users\Lenovo\AppData\Roaming\npm\node_modules\npm\node_modules\@npmcli\run-script\lib\node-gyp-bin;C:\Python27;C:\Program Files\Common Files\Oracle\Java\javapath;C:\Program Files (x86)\Common Files\Oracle\Java\javapath;C:\Program Files (x86)\Common Files\Intel\Shared Libraries\redist\intel64\compiler;C:\Windows\system32;C:\Windows;C:\Windows\System32\Wbem;C:\Windows\System32\WindowsPowerShell\v1.0\;C:\Windows\System32\OpenSSH\;C:\Program Files (x86)\NVIDIA Corporation\PhysX\Common;C:\Program Files\NVIDIA Corporation\NVIDIA NvDLISR;C:\WINDOWS\system32;C:\WINDOWS;C:\WINDOWS\System32\Wbem;C:\WINDOWS\System32\WindowsPowerShell\v1.0\;C:\WINDOWS\System32\OpenSSH\;C:\Program Files\Microsoft SQL Server\150\Tools\Binn\;C:\xampp\php;D:\Git\cmd;C:\ProgramData\ComposerSetup\bin;C:\Program Files\nodejs\;C:\Program Files\dotnet\;C:\Program Files\Java\jdk-19\bin;C:\xampp\php;C:\Users\Lenovo\AppData\Local\Programs\Python\Python311\;C:\Users\Lenovo\AppData\Local\Microsoft\WindowsApps;D:\Microsoft VS Code\bin;C:\xampp\php;C:\Users\Lenovo\AppData\Roaming\Composer\vendor\bin;C:\Users\Lenovo\AppData\Roaming\npm;C:\Users\Lenovo\.dotnet\tools;C:\Program Files\Java\jdk-19\bin;
USERNAME=Lenovo
LANG=en_US.UTF-8
OS=Windows_NT
PROCESSOR_IDENTIFIER=Intel64 Family 6 Model 154 Stepping 3, GenuineIntel
TMP=C:\Users\Lenovo\AppData\Local\Temp
TEMP=C:\Users\Lenovo\AppData\Local\Temp



---------------  S Y S T E M  ---------------

OS:
 Windows 11 , 64 bit Build 22621 (10.0.22621.4391)
OS uptime: 0 days 0:16 hours
Hyper-V role detected

CPU: total 16 (initial active 16) (8 cores per cpu, 2 threads per core) family 6 model 154 stepping 3 microcode 0x419, cx8, cmov, fxsr, ht, mmx, 3dnowpref, sse, sse2, sse3, ssse3, sse4.1, sse4.2, popcnt, lzcnt, tsc, tscinvbit, avx, avx2, aes, erms, clmul, bmi1, bmi2, adx, sha, fma, vzeroupper, clflush, clflushopt, clwb, hv, serialize, rdtscp, rdpid, fsrm

Memory: 4k page, system-wide physical 12013M (711M free)
TotalPageFile size 16738M (AvailPageFile size 2M)
current process WorkingSet (physical memory assigned to process): 102M, peak: 102M
current process commit charge ("private bytes"): 180M, peak: 181M

vm_info: Java HotSpot(TM) 64-Bit Server VM (19.0.2+7-44) for windows-amd64 JRE (19.0.2+7-44), built on 2022-11-30T18:02:09Z by "mach5one" with MS VC++ 17.1 (VS2022)

END.
