#
# There is insufficient memory for the Java Runtime Environment to continue.
# Native memory allocation (mmap) failed to map 197132288 bytes for G1 virtual space
# Possible reasons:
#   The system is out of physical RAM or swap space
#   The process is running with CompressedOops enabled, and the Java Heap may be blocking the growth of the native heap
# Possible solutions:
#   Reduce memory load on the system
#   Increase physical memory or swap space
#   Check if swap backing store is full
#   Decrease Java heap size (-Xmx/-Xms)
#   Decrease number of Java threads
#   Decrease Java thread stack sizes (-Xss)
#   Set larger code cache with -XX:ReservedCodeCacheSize=
#   JVM is running with Zero Based Compressed Oops mode in which the Java heap is
#     placed in the first 32GB address space. The Java Heap base address is the
#     maximum limit for the native heap growth. Please use -XX:HeapBaseMinAddress
#     to set the Java Heap base and to place the Java Heap above 32GB virtual address.
# This output file may be truncated or incomplete.
#
#  Out of Memory Error (os_windows.cpp:3536), pid=19688, tid=14628
#
# JRE version:  (19.0.2+7) (build )
# Java VM: Java HotSpot(TM) 64-Bit Server VM (19.0.2+7-44, mixed mode, sharing, tiered, compressed oops, compressed class ptrs, g1 gc, windows-amd64)
# No core dump will be written. Minidumps are not enabled by default on client versions of Windows
#

---------------  S U M M A R Y ------------

Command Line: org.jetbrains.kotlin.cli.jvm.K2JVMCompiler @D:\AwesomeProject\node_modules\react-native-safe-area-context\android\build\20241215_16161932810424208040.compiler.options

Host: 12th Gen Intel(R) Core(TM) i5-12500H, 16 cores, 11G,  Windows 11 , 64 bit Build 22621 (10.0.22621.4391)
Time: Sun Dec 15 13:40:36 2024 SE Asia Standard Time elapsed time: 0.038413 seconds (0d 0h 0m 0s)

---------------  T H R E A D  ---------------

Current thread (0x000001fc10c57610):  JavaThread "Unknown thread" [_thread_in_vm, id=14628, stack(0x000000a962900000,0x000000a962a00000)]

Stack: [0x000000a962900000,0x000000a962a00000]
Native frames: (J=compiled Java code, j=interpreted, Vv=VM code, C=native code)
V  [jvm.dll+0x6ee21a]
V  [jvm.dll+0x85765e]
V  [jvm.dll+0x85904e]
V  [jvm.dll+0x859703]
V  [jvm.dll+0x28298f]
V  [jvm.dll+0x6eb009]
V  [jvm.dll+0x6dfbaa]
V  [jvm.dll+0x3573f6]
V  [jvm.dll+0x35ee56]
V  [jvm.dll+0x3b541e]
V  [jvm.dll+0x3b564f]
V  [jvm.dll+0x32c9ea]
V  [jvm.dll+0x32d89e]
V  [jvm.dll+0x821780]
V  [jvm.dll+0x3c2661]
V  [jvm.dll+0x801f51]
V  [jvm.dll+0x44ae8f]
V  [jvm.dll+0x44c811]
C  [jli.dll+0x5287]
C  [ucrtbase.dll+0x29333]
C  [KERNEL32.DLL+0x1259d]
C  [ntdll.dll+0x5af38]


---------------  P R O C E S S  ---------------

Threads class SMR info:
_java_thread_list=0x00007ff856d2d048, length=0, elements={
}

Java Threads: ( => current thread )

Other Threads:
  0x000001fc10cb3e90 WorkerThread "GC Thread#0" [stack: 0x000000a962a00000,0x000000a962b00000] [id=17916]
  0x000001fc10cc09b0 ConcurrentGCThread "G1 Main Marker" [stack: 0x000000a962b00000,0x000000a962c00000] [id=26772]
  0x000001fc10cc13e0 WorkerThread "G1 Conc#0" [stack: 0x000000a962c00000,0x000000a962d00000] [id=19000]

[error occurred during error reporting (printing all threads), id 0xc0000005, EXCEPTION_ACCESS_VIOLATION (0xc0000005) at pc=0x00007ff8564ed427]

VM state: not at safepoint (not fully initialized)

VM Mutex/Monitor currently owned by a thread:  ([mutex/lock_event])
[0x000001fc10c527b0] Heap_lock - owner thread: 0x000001fc10c57610

Heap address: 0x0000000744400000, size: 3004 MB, Compressed Oops mode: Zero based, Oop shift amount: 3

CDS archive(s) mapped at: [0x0000000000000000-0x0000000000000000-0x0000000000000000), size 0, SharedBaseAddress: 0x0000000800000000, ArchiveRelocationMode: 0.
Narrow klass base: 0x0000000000000000, Narrow klass shift: 0, Narrow klass range: 0x0

GC Precious Log:
 CardTable entry size: 512
 Card Set container configuration: InlinePtr #cards 4 size 8 Array Of Cards #cards 16 size 48 Howl #buckets 8 coarsen threshold 3686 Howl Bitmap #cards 512 size 80 coarsen threshold 460 Card regions per heap region 1 cards per card region 4096

Heap:
 garbage-first heap   total 0K, used 0K [0x0000000744400000, 0x0000000800000000)
  region size 2048K, 0 young (0K), 0 survivors (0K)

[error occurred during error reporting (printing heap information), id 0xc0000005, EXCEPTION_ACCESS_VIOLATION (0xc0000005) at pc=0x00007ff8568f6649]

GC Heap History (0 events):
No events

Dll operation events (1 events):
Event: 0.033 Loaded shared library C:\Program Files\Java\jdk-19\bin\java.dll

Deoptimization events (0 events):
No events

Classes loaded (0 events):
No events

Classes unloaded (0 events):
No events

Classes redefined (0 events):
No events

Internal exceptions (0 events):
No events

VM Operations (0 events):
No events

Events (0 events):
No events


Dynamic libraries:
0x00007ff7395c0000 - 0x00007ff7395d0000 	C:\Program Files\Java\jdk-19\bin\java.exe
0x00007ff8c9270000 - 0x00007ff8c9487000 	C:\WINDOWS\SYSTEM32\ntdll.dll
0x00007ff8c7630000 - 0x00007ff8c76f4000 	C:\WINDOWS\System32\KERNEL32.DLL
0x00007ff8c6870000 - 0x00007ff8c6c2a000 	C:\WINDOWS\System32\KERNELBASE.dll
0x00007ff8c6c30000 - 0x00007ff8c6d41000 	C:\WINDOWS\System32\ucrtbase.dll
0x00007ff8a7e30000 - 0x00007ff8a7e48000 	C:\Program Files\Java\jdk-19\bin\jli.dll
0x00007ff8c8090000 - 0x00007ff8c8142000 	C:\WINDOWS\System32\ADVAPI32.dll
0x00007ff8c8cb0000 - 0x00007ff8c8d57000 	C:\WINDOWS\System32\msvcrt.dll
0x00007ff8c7840000 - 0x00007ff8c78e7000 	C:\WINDOWS\System32\sechost.dll
0x00007ff8c67a0000 - 0x00007ff8c67c8000 	C:\WINDOWS\System32\bcrypt.dll
0x00007ff8c7700000 - 0x00007ff8c7814000 	C:\WINDOWS\System32\RPCRT4.dll
0x00007ff8c7b60000 - 0x00007ff8c7d0e000 	C:\WINDOWS\System32\USER32.dll
0x00007ff8c6ec0000 - 0x00007ff8c6ee6000 	C:\WINDOWS\System32\win32u.dll
0x00007ff8c9200000 - 0x00007ff8c9229000 	C:\WINDOWS\System32\GDI32.dll
0x00007ff8c6540000 - 0x00007ff8c665b000 	C:\WINDOWS\System32\gdi32full.dll
0x00007ff8c67d0000 - 0x00007ff8c686a000 	C:\WINDOWS\System32\msvcp_win.dll
0x00007ff8a7e10000 - 0x00007ff8a7e2b000 	C:\Program Files\Java\jdk-19\bin\VCRUNTIME140.dll
0x00007ff8ac0d0000 - 0x00007ff8ac362000 	C:\WINDOWS\WinSxS\amd64_microsoft.windows.common-controls_6595b64144ccf1df_6.0.22621.4541_none_2710d1c57384c085\COMCTL32.dll
0x00007ff8c3b80000 - 0x00007ff8c3b8a000 	C:\WINDOWS\SYSTEM32\VERSION.dll
0x00007ff8c8050000 - 0x00007ff8c8081000 	C:\WINDOWS\System32\IMM32.DLL
0x00007ff8aaaf0000 - 0x00007ff8aaafc000 	C:\Program Files\Java\jdk-19\bin\vcruntime140_1.dll
0x00007ff8a7d80000 - 0x00007ff8a7e0e000 	C:\Program Files\Java\jdk-19\bin\msvcp140.dll
0x00007ff8561b0000 - 0x00007ff856e70000 	C:\Program Files\Java\jdk-19\bin\server\jvm.dll
0x00007ff898990000 - 0x00007ff898999000 	C:\WINDOWS\SYSTEM32\WSOCK32.dll
0x00007ff8c78f0000 - 0x00007ff8c7961000 	C:\WINDOWS\System32\WS2_32.dll
0x00007ff8ba950000 - 0x00007ff8ba984000 	C:\WINDOWS\SYSTEM32\WINMM.dll
0x00007ff8c5630000 - 0x00007ff8c5648000 	C:\WINDOWS\SYSTEM32\kernel.appcore.dll
0x00007ff8a8030000 - 0x00007ff8a803a000 	C:\Program Files\Java\jdk-19\bin\jimage.dll
0x00007ff8c33b0000 - 0x00007ff8c35e2000 	C:\WINDOWS\SYSTEM32\DBGHELP.DLL
0x00007ff8c8d60000 - 0x00007ff8c90ef000 	C:\WINDOWS\System32\combase.dll
0x00007ff8c7d10000 - 0x00007ff8c7de7000 	C:\WINDOWS\System32\OLEAUT32.dll
0x00007ff8b7f50000 - 0x00007ff8b7f82000 	C:\WINDOWS\SYSTEM32\dbgcore.DLL
0x00007ff8c6720000 - 0x00007ff8c679b000 	C:\WINDOWS\System32\bcryptPrimitives.dll
0x00007ff8a7d50000 - 0x00007ff8a7d76000 	C:\Program Files\Java\jdk-19\bin\java.dll

dbghelp: loaded successfully - version: 4.0.5 - missing functions: none
symbol engine: initialized successfully - sym options: 0x614 - pdb path: .;C:\Program Files\Java\jdk-19\bin;C:\WINDOWS\SYSTEM32;C:\WINDOWS\WinSxS\amd64_microsoft.windows.common-controls_6595b64144ccf1df_6.0.22621.4541_none_2710d1c57384c085;C:\Program Files\Java\jdk-19\bin\server

VM Arguments:
java_command: org.jetbrains.kotlin.cli.jvm.K2JVMCompiler @D:\AwesomeProject\node_modules\react-native-safe-area-context\android\build\20241215_16161932810424208040.compiler.options
java_class_path (initial): C:\Users\Lenovo\.gradle\caches\modules-2\files-2.1\org.jetbrains.kotlin\kotlin-compiler-embeddable\1.9.24\78dab849090e6c5e2eadb6e59a11cdc28fb67a08\kotlin-compiler-embeddable-1.9.24.jar;C:\Users\Lenovo\.gradle\caches\modules-2\files-2.1\org.jetbrains.kotlin\kotlin-stdlib\1.9.24\9928532f12c66ad816a625b3f9984f8368ca6d2b\kotlin-stdlib-1.9.24.jar;C:\Users\Lenovo\.gradle\caches\modules-2\files-2.1\org.jetbrains.kotlin\kotlin-script-runtime\1.9.24\96771497da90fbc5af1c90fce148db2595a62502\kotlin-script-runtime-1.9.24.jar;C:\Users\Lenovo\.gradle\caches\modules-2\files-2.1\org.jetbrains.kotlin\kotlin-reflect\1.6.10\1cbe9c92c12a94eea200d23c2bbaedaf3daf5132\kotlin-reflect-1.6.10.jar;C:\Users\Lenovo\.gradle\caches\modules-2\files-2.1\org.jetbrains.kotlin\kotlin-daemon-embeddable\1.9.24\86685b9c5e8d170925bd9ddbdc263374a6a73281\kotlin-daemon-embeddable-1.9.24.jar;C:\Users\Lenovo\.gradle\caches\modules-2\files-2.1\org.jetbrains.intellij.deps\trove4j\1.0.20200330\3afb14d5f9ceb459d724e907a21145e8ff394f02\trove4j-1.0.20200330.jar;C:\Users\Lenovo\.gradle\caches\modules-2\files-2.1\org.jetbrains\annotations\13.0\919f0dfe192fb4e063e7dacadee7f8bb9a2672a9\annotations-13.0.jar
Launcher Type: SUN_STANDARD

[Global flags]
     intx CICompilerCount                          = 12                                        {product} {ergonomic}
     uint ConcGCThreads                            = 3                                         {product} {ergonomic}
     uint G1ConcRefinementThreads                  = 13                                        {product} {ergonomic}
   size_t G1HeapRegionSize                         = 2097152                                   {product} {ergonomic}
    uintx GCDrainStackTargetSize                   = 64                                        {product} {ergonomic}
   size_t InitialHeapSize                          = 197132288                                 {product} {ergonomic}
   size_t MarkStackSize                            = 4194304                                   {product} {ergonomic}
   size_t MaxHeapSize                              = 3149922304                                {product} {ergonomic}
   size_t MinHeapDeltaBytes                        = 2097152                                   {product} {ergonomic}
   size_t MinHeapSize                              = 8388608                                   {product} {ergonomic}
    uintx NonNMethodCodeHeapSize                   = 7602480                                {pd product} {ergonomic}
    uintx NonProfiledCodeHeapSize                  = 122027880                              {pd product} {ergonomic}
    uintx ProfiledCodeHeapSize                     = 122027880                              {pd product} {ergonomic}
    uintx ReservedCodeCacheSize                    = 251658240                              {pd product} {ergonomic}
     bool SegmentedCodeCache                       = true                                      {product} {ergonomic}
   size_t SoftMaxHeapSize                          = 3149922304                             {manageable} {ergonomic}
     bool UseCompressedClassPointers               = true                           {product lp64_product} {ergonomic}
     bool UseCompressedOops                        = true                           {product lp64_product} {ergonomic}
     bool UseG1GC                                  = true                                      {product} {ergonomic}
     bool UseLargePagesIndividualAllocation        = false                                  {pd product} {ergonomic}

Logging:
Log output configuration:
 #0: stdout all=warning uptime,level,tags foldmultilines=false
 #1: stderr all=off uptime,level,tags foldmultilines=false

Environment Variables:
JAVA_HOME=C:\Program Files\Java\jdk-19
CLASSPATH=D:\AwesomeProject\android\\gradle\wrapper\gradle-wrapper.jar
PATH=D:\AwesomeProject\node_modules\.bin;D:\AwesomeProject\node_modules\.bin;D:\node_modules\.bin;C:\Users\Lenovo\AppData\Roaming\npm\node_modules\npm\node_modules\@npmcli\run-script\lib\node-gyp-bin;D:\AwesomeProject\node_modules\.bin;D:\AwesomeProject\node_modules\.bin;D:\node_modules\.bin;C:\Users\Lenovo\AppData\Roaming\npm\node_modules\npm\node_modules\@npmcli\run-script\lib\node-gyp-bin;C:\Python27;C:\Program Files\Common Files\Oracle\Java\javapath;C:\Program Files (x86)\Common Files\Oracle\Java\javapath;C:\Program Files (x86)\Common Files\Intel\Shared Libraries\redist\intel64\compiler;C:\Windows\system32;C:\Windows;C:\Windows\System32\Wbem;C:\Windows\System32\WindowsPowerShell\v1.0\;C:\Windows\System32\OpenSSH\;C:\Program Files (x86)\NVIDIA Corporation\PhysX\Common;C:\Program Files\NVIDIA Corporation\NVIDIA NvDLISR;C:\WINDOWS\system32;C:\WINDOWS;C:\WINDOWS\System32\Wbem;C:\WINDOWS\System32\WindowsPowerShell\v1.0\;C:\WINDOWS\System32\OpenSSH\;C:\Program Files\Microsoft SQL Server\150\Tools\Binn\;C:\xampp\php;D:\Git\cmd;C:\ProgramData\ComposerSetup\bin;C:\Program Files\nodejs\;C:\Program Files\dotnet\;C:\Program Files\Java\jdk-19\bin;C:\xampp\php;C:\Users\Lenovo\AppData\Local\Programs\Python\Python311\;C:\Users\Lenovo\AppData\Local\Microsoft\WindowsApps;D:\Microsoft VS Code\bin;C:\xampp\php;C:\Users\Lenovo\AppData\Roaming\Composer\vendor\bin;C:\Users\Lenovo\AppData\Roaming\npm;C:\Users\Lenovo\.dotnet\tools;C:\Program Files\Java\jdk-19\bin;
USERNAME=Lenovo
LANG=en_US.UTF-8
OS=Windows_NT
PROCESSOR_IDENTIFIER=Intel64 Family 6 Model 154 Stepping 3, GenuineIntel
TMP=C:\Users\Lenovo\AppData\Local\Temp
TEMP=C:\Users\Lenovo\AppData\Local\Temp



---------------  S Y S T E M  ---------------

OS:
 Windows 11 , 64 bit Build 22621 (10.0.22621.4391)
OS uptime: 1 days 2:03 hours
Hyper-V role detected

CPU: total 16 (initial active 16) (8 cores per cpu, 2 threads per core) family 6 model 154 stepping 3 microcode 0x419, cx8, cmov, fxsr, ht, mmx, 3dnowpref, sse, sse2, sse3, ssse3, sse4.1, sse4.2, popcnt, lzcnt, tsc, tscinvbit, avx, avx2, aes, erms, clmul, bmi1, bmi2, adx, sha, fma, vzeroupper, clflush, clflushopt, clwb, hv, serialize, rdtscp, rdpid, fsrm

Memory: 4k page, system-wide physical 12013M (476M free)
TotalPageFile size 19286M (AvailPageFile size 115M)
current process WorkingSet (physical memory assigned to process): 11M, peak: 11M
current process commit charge ("private bytes"): 70M, peak: 258M

vm_info: Java HotSpot(TM) 64-Bit Server VM (19.0.2+7-44) for windows-amd64 JRE (19.0.2+7-44), built on 2022-11-30T18:02:09Z by "mach5one" with MS VC++ 17.1 (VS2022)

END.
